   Compiling opaque-types v0.1.0 (/home/hatter/work/repos/zenoh-c/build-resources/opaque-types)
error[E0080]: evaluation of constant value failed
  --> src/lib.rs:56:1
   |
56 | get_opaque_type_data!(ZBytes, z_owned_bytes_t);
   | ^^^^^^^^^^^^^^^^^^^^^^^^^^^^^^^^^^^^^^^^^^^^^^ the evaluated program panicked at 'type: z_owned_bytes_t, align: 8, size: 32', src/lib.rs:56:1
   |
   = note: this error originates in the macro `$crate::panic::panic_2021` which comes from the expansion of the macro `get_opaque_type_data` (in Nightly builds, run with -Z macro-backtrace for more info)

error[E0080]: evaluation of constant value failed
  --> src/lib.rs:58:1
   |
58 | get_opaque_type_data!(ZBytes, z_loaned_bytes_t);
   | ^^^^^^^^^^^^^^^^^^^^^^^^^^^^^^^^^^^^^^^^^^^^^^^ the evaluated program panicked at 'type: z_loaned_bytes_t, align: 8, size: 32', src/lib.rs:58:1
   |
   = note: this error originates in the macro `$crate::panic::panic_2021` which comes from the expansion of the macro `get_opaque_type_data` (in Nightly builds, run with -Z macro-backtrace for more info)

error[E0080]: evaluation of constant value failed
  --> src/lib.rs:67:1
   |
67 | get_opaque_type_data!(CSlice, z_owned_slice_t);
   | ^^^^^^^^^^^^^^^^^^^^^^^^^^^^^^^^^^^^^^^^^^^^^^ the evaluated program panicked at 'type: z_owned_slice_t, align: 8, size: 32', src/lib.rs:67:1
   |
   = note: this error originates in the macro `$crate::panic::panic_2021` which comes from the expansion of the macro `get_opaque_type_data` (in Nightly builds, run with -Z macro-backtrace for more info)

error[E0080]: evaluation of constant value failed
  --> src/lib.rs:69:1
   |
69 | get_opaque_type_data!(CSlice, z_view_slice_t);
   | ^^^^^^^^^^^^^^^^^^^^^^^^^^^^^^^^^^^^^^^^^^^^^ the evaluated program panicked at 'type: z_view_slice_t, align: 8, size: 32', src/lib.rs:69:1
   |
   = note: this error originates in the macro `$crate::panic::panic_2021` which comes from the expansion of the macro `get_opaque_type_data` (in Nightly builds, run with -Z macro-backtrace for more info)

error[E0080]: evaluation of constant value failed
  --> src/lib.rs:71:1
   |
71 | get_opaque_type_data!(CSlice, z_loaned_slice_t);
   | ^^^^^^^^^^^^^^^^^^^^^^^^^^^^^^^^^^^^^^^^^^^^^^^ the evaluated program panicked at 'type: z_loaned_slice_t, align: 8, size: 32', src/lib.rs:71:1
   |
   = note: this error originates in the macro `$crate::panic::panic_2021` which comes from the expansion of the macro `get_opaque_type_data` (in Nightly builds, run with -Z macro-backtrace for more info)

error[E0080]: evaluation of constant value failed
  --> src/lib.rs:74:1
   |
74 | get_opaque_type_data!(CSlice, z_owned_string_t);
   | ^^^^^^^^^^^^^^^^^^^^^^^^^^^^^^^^^^^^^^^^^^^^^^^ the evaluated program panicked at 'type: z_owned_string_t, align: 8, size: 32', src/lib.rs:74:1
   |
   = note: this error originates in the macro `$crate::panic::panic_2021` which comes from the expansion of the macro `get_opaque_type_data` (in Nightly builds, run with -Z macro-backtrace for more info)

error[E0080]: evaluation of constant value failed
  --> src/lib.rs:76:1
   |
76 | get_opaque_type_data!(CSlice, z_view_string_t);
   | ^^^^^^^^^^^^^^^^^^^^^^^^^^^^^^^^^^^^^^^^^^^^^^ the evaluated program panicked at 'type: z_view_string_t, align: 8, size: 32', src/lib.rs:76:1
   |
   = note: this error originates in the macro `$crate::panic::panic_2021` which comes from the expansion of the macro `get_opaque_type_data` (in Nightly builds, run with -Z macro-backtrace for more info)

error[E0080]: evaluation of constant value failed
  --> src/lib.rs:78:1
   |
78 | get_opaque_type_data!(CSlice, z_loaned_string_t);
   | ^^^^^^^^^^^^^^^^^^^^^^^^^^^^^^^^^^^^^^^^^^^^^^^^ the evaluated program panicked at 'type: z_loaned_string_t, align: 8, size: 32', src/lib.rs:78:1
   |
   = note: this error originates in the macro `$crate::panic::panic_2021` which comes from the expansion of the macro `get_opaque_type_data` (in Nightly builds, run with -Z macro-backtrace for more info)

error[E0080]: evaluation of constant value failed
  --> src/lib.rs:82:1
   |
82 | get_opaque_type_data!(Vec<CSlice>, z_owned_string_array_t);
   | ^^^^^^^^^^^^^^^^^^^^^^^^^^^^^^^^^^^^^^^^^^^^^^^^^^^^^^^^^^ the evaluated program panicked at 'type: z_owned_string_array_t, align: 8, size: 24', src/lib.rs:82:1
   |
   = note: this error originates in the macro `$crate::panic::panic_2021` which comes from the expansion of the macro `get_opaque_type_data` (in Nightly builds, run with -Z macro-backtrace for more info)

error[E0080]: evaluation of constant value failed
  --> src/lib.rs:84:1
   |
84 | get_opaque_type_data!(Vec<CSlice>, z_loaned_string_array_t);
   | ^^^^^^^^^^^^^^^^^^^^^^^^^^^^^^^^^^^^^^^^^^^^^^^^^^^^^^^^^^^ the evaluated program panicked at 'type: z_loaned_string_array_t, align: 8, size: 24', src/lib.rs:84:1
   |
   = note: this error originates in the macro `$crate::panic::panic_2021` which comes from the expansion of the macro `get_opaque_type_data` (in Nightly builds, run with -Z macro-backtrace for more info)

error[E0080]: evaluation of constant value failed
  --> src/lib.rs:90:1
   |
90 | get_opaque_type_data!(Option<Sample>, z_owned_sample_t);
   | ^^^^^^^^^^^^^^^^^^^^^^^^^^^^^^^^^^^^^^^^^^^^^^^^^^^^^^^ the evaluated program panicked at 'type: z_owned_sample_t, align: 8, size: 184', src/lib.rs:90:1
   |
   = note: this error originates in the macro `$crate::panic::panic_2021` which comes from the expansion of the macro `get_opaque_type_data` (in Nightly builds, run with -Z macro-backtrace for more info)

error[E0080]: evaluation of constant value failed
  --> src/lib.rs:92:1
   |
92 | get_opaque_type_data!(Sample, z_loaned_sample_t);
   | ^^^^^^^^^^^^^^^^^^^^^^^^^^^^^^^^^^^^^^^^^^^^^^^^ the evaluated program panicked at 'type: z_loaned_sample_t, align: 8, size: 184', src/lib.rs:92:1
   |
   = note: this error originates in the macro `$crate::panic::panic_2021` which comes from the expansion of the macro `get_opaque_type_data` (in Nightly builds, run with -Z macro-backtrace for more info)

error[E0080]: evaluation of constant value failed
  --> src/lib.rs:95:1
   |
95 | get_opaque_type_data!(ZBytesReader<'static>, z_bytes_reader_t);
   | ^^^^^^^^^^^^^^^^^^^^^^^^^^^^^^^^^^^^^^^^^^^^^^^^^^^^^^^^^^^^^^ the evaluated program panicked at 'type: z_bytes_reader_t, align: 8, size: 24', src/lib.rs:95:1
   |
   = note: this error originates in the macro `$crate::panic::panic_2021` which comes from the expansion of the macro `get_opaque_type_data` (in Nightly builds, run with -Z macro-backtrace for more info)

error[E0080]: evaluation of constant value failed
  --> src/lib.rs:98:1
   |
98 | get_opaque_type_data!(Option<ZBytesWriter>, z_owned_bytes_writer_t);
   | ^^^^^^^^^^^^^^^^^^^^^^^^^^^^^^^^^^^^^^^^^^^^^^^^^^^^^^^^^^^^^^^^^^^ the evaluated program panicked at 'type: z_owned_bytes_writer_t, align: 8, size: 56', src/lib.rs:98:1
   |
   = note: this error originates in the macro `$crate::panic::panic_2021` which comes from the expansion of the macro `get_opaque_type_data` (in Nightly builds, run with -Z macro-backtrace for more info)

error[E0080]: evaluation of constant value failed
   --> src/lib.rs:100:1
    |
100 | get_opaque_type_data!(ZBytesWriter, z_loaned_bytes_writer_t);
    | ^^^^^^^^^^^^^^^^^^^^^^^^^^^^^^^^^^^^^^^^^^^^^^^^^^^^^^^^^^^^ the evaluated program panicked at 'type: z_loaned_bytes_writer_t, align: 8, size: 56', src/lib.rs:100:1
    |
    = note: this error originates in the macro `$crate::panic::panic_2021` which comes from the expansion of the macro `get_opaque_type_data` (in Nightly builds, run with -Z macro-backtrace for more info)

error[E0080]: evaluation of constant value failed
   --> src/lib.rs:103:1
    |
103 | get_opaque_type_data!(ZBytesSliceIterator<'static>, z_bytes_slice_iterator_t);
    | ^^^^^^^^^^^^^^^^^^^^^^^^^^^^^^^^^^^^^^^^^^^^^^^^^^^^^^^^^^^^^^^^^^^^^^^^^^^^^ the evaluated program panicked at 'type: z_bytes_slice_iterator_t, align: 8, size: 24', src/lib.rs:103:1
    |
    = note: this error originates in the macro `$crate::panic::panic_2021` which comes from the expansion of the macro `get_opaque_type_data` (in Nightly builds, run with -Z macro-backtrace for more info)

error[E0080]: evaluation of constant value failed
   --> src/lib.rs:106:1
    |
106 | get_opaque_type_data!(Encoding, z_owned_encoding_t);
    | ^^^^^^^^^^^^^^^^^^^^^^^^^^^^^^^^^^^^^^^^^^^^^^^^^^^ the evaluated program panicked at 'type: z_owned_encoding_t, align: 8, size: 40', src/lib.rs:106:1
    |
    = note: this error originates in the macro `$crate::panic::panic_2021` which comes from the expansion of the macro `get_opaque_type_data` (in Nightly builds, run with -Z macro-backtrace for more info)

error[E0080]: evaluation of constant value failed
   --> src/lib.rs:108:1
    |
108 | get_opaque_type_data!(Encoding, z_loaned_encoding_t);
    | ^^^^^^^^^^^^^^^^^^^^^^^^^^^^^^^^^^^^^^^^^^^^^^^^^^^^ the evaluated program panicked at 'type: z_loaned_encoding_t, align: 8, size: 40', src/lib.rs:108:1
    |
    = note: this error originates in the macro `$crate::panic::panic_2021` which comes from the expansion of the macro `get_opaque_type_data` (in Nightly builds, run with -Z macro-backtrace for more info)

error[E0080]: evaluation of constant value failed
   --> src/lib.rs:111:1
    |
111 | get_opaque_type_data!(Option<Reply>, z_owned_reply_t);
    | ^^^^^^^^^^^^^^^^^^^^^^^^^^^^^^^^^^^^^^^^^^^^^^^^^^^^^ the evaluated program panicked at 'type: z_owned_reply_t, align: 8, size: 184', src/lib.rs:111:1
    |
    = note: this error originates in the macro `$crate::panic::panic_2021` which comes from the expansion of the macro `get_opaque_type_data` (in Nightly builds, run with -Z macro-backtrace for more info)

error[E0080]: evaluation of constant value failed
   --> src/lib.rs:113:1
    |
113 | get_opaque_type_data!(Reply, z_loaned_reply_t);
    | ^^^^^^^^^^^^^^^^^^^^^^^^^^^^^^^^^^^^^^^^^^^^^^ the evaluated program panicked at 'type: z_loaned_reply_t, align: 8, size: 184', src/lib.rs:113:1
    |
    = note: this error originates in the macro `$crate::panic::panic_2021` which comes from the expansion of the macro `get_opaque_type_data` (in Nightly builds, run with -Z macro-backtrace for more info)

error[E0080]: evaluation of constant value failed
   --> src/lib.rs:116:1
    |
116 | get_opaque_type_data!(ReplyError, z_owned_reply_err_t);
    | ^^^^^^^^^^^^^^^^^^^^^^^^^^^^^^^^^^^^^^^^^^^^^^^^^^^^^^ the evaluated program panicked at 'type: z_owned_reply_err_t, align: 8, size: 72', src/lib.rs:116:1
    |
    = note: this error originates in the macro `$crate::panic::panic_2021` which comes from the expansion of the macro `get_opaque_type_data` (in Nightly builds, run with -Z macro-backtrace for more info)

error[E0080]: evaluation of constant value failed
   --> src/lib.rs:118:1
    |
118 | get_opaque_type_data!(ReplyError, z_loaned_reply_err_t);
    | ^^^^^^^^^^^^^^^^^^^^^^^^^^^^^^^^^^^^^^^^^^^^^^^^^^^^^^^ the evaluated program panicked at 'type: z_loaned_reply_err_t, align: 8, size: 72', src/lib.rs:118:1
    |
    = note: this error originates in the macro `$crate::panic::panic_2021` which comes from the expansion of the macro `get_opaque_type_data` (in Nightly builds, run with -Z macro-backtrace for more info)

error[E0080]: evaluation of constant value failed
   --> src/lib.rs:123:1
    |
123 | get_opaque_type_data!(Option<Query>, z_owned_query_t);
    | ^^^^^^^^^^^^^^^^^^^^^^^^^^^^^^^^^^^^^^^^^^^^^^^^^^^^^ the evaluated program panicked at 'type: z_owned_query_t, align: 8, size: 136', src/lib.rs:123:1
    |
    = note: this error originates in the macro `$crate::panic::panic_2021` which comes from the expansion of the macro `get_opaque_type_data` (in Nightly builds, run with -Z macro-backtrace for more info)

error[E0080]: evaluation of constant value failed
   --> src/lib.rs:125:1
    |
125 | get_opaque_type_data!(Query, z_loaned_query_t);
    | ^^^^^^^^^^^^^^^^^^^^^^^^^^^^^^^^^^^^^^^^^^^^^^ the evaluated program panicked at 'type: z_loaned_query_t, align: 8, size: 136', src/lib.rs:125:1
    |
    = note: this error originates in the macro `$crate::panic::panic_2021` which comes from the expansion of the macro `get_opaque_type_data` (in Nightly builds, run with -Z macro-backtrace for more info)

error[E0080]: evaluation of constant value failed
   --> src/lib.rs:130:1
    |
130 | get_opaque_type_data!(Option<Queryable<()>>, z_owned_queryable_t);
    | ^^^^^^^^^^^^^^^^^^^^^^^^^^^^^^^^^^^^^^^^^^^^^^^^^^^^^^^^^^^^^^^^^ the evaluated program panicked at 'type: z_owned_queryable_t, align: 8, size: 48', src/lib.rs:130:1
    |
    = note: this error originates in the macro `$crate::panic::panic_2021` which comes from the expansion of the macro `get_opaque_type_data` (in Nightly builds, run with -Z macro-backtrace for more info)

error[E0080]: evaluation of constant value failed
   --> src/lib.rs:132:1
    |
132 | get_opaque_type_data!(Queryable<()>, z_loaned_queryable_t);
    | ^^^^^^^^^^^^^^^^^^^^^^^^^^^^^^^^^^^^^^^^^^^^^^^^^^^^^^^^^^ the evaluated program panicked at 'type: z_loaned_queryable_t, align: 8, size: 48', src/lib.rs:132:1
    |
    = note: this error originates in the macro `$crate::panic::panic_2021` which comes from the expansion of the macro `get_opaque_type_data` (in Nightly builds, run with -Z macro-backtrace for more info)

error[E0080]: evaluation of constant value failed
   --> src/lib.rs:221:1
    |
221 | get_opaque_type_data!(Option<KeyExpr<'static>>, z_owned_keyexpr_t);
    | ^^^^^^^^^^^^^^^^^^^^^^^^^^^^^^^^^^^^^^^^^^^^^^^^^^^^^^^^^^^^^^^^^^ the evaluated program panicked at 'type: z_owned_keyexpr_t, align: 8, size: 32', src/lib.rs:221:1
    |
    = note: this error originates in the macro `$crate::panic::panic_2021` which comes from the expansion of the macro `get_opaque_type_data` (in Nightly builds, run with -Z macro-backtrace for more info)

error[E0080]: evaluation of constant value failed
   --> src/lib.rs:223:1
    |
223 | get_opaque_type_data!(Option<KeyExpr<'static>>, z_view_keyexpr_t);
    | ^^^^^^^^^^^^^^^^^^^^^^^^^^^^^^^^^^^^^^^^^^^^^^^^^^^^^^^^^^^^^^^^^ the evaluated program panicked at 'type: z_view_keyexpr_t, align: 8, size: 32', src/lib.rs:223:1
    |
    = note: this error originates in the macro `$crate::panic::panic_2021` which comes from the expansion of the macro `get_opaque_type_data` (in Nightly builds, run with -Z macro-backtrace for more info)

error[E0080]: evaluation of constant value failed
   --> src/lib.rs:235:1
    |
235 | get_opaque_type_data!(KeyExpr<'static>, z_loaned_keyexpr_t);
    | ^^^^^^^^^^^^^^^^^^^^^^^^^^^^^^^^^^^^^^^^^^^^^^^^^^^^^^^^^^^ the evaluated program panicked at 'type: z_loaned_keyexpr_t, align: 8, size: 32', src/lib.rs:235:1
    |
    = note: this error originates in the macro `$crate::panic::panic_2021` which comes from the expansion of the macro `get_opaque_type_data` (in Nightly builds, run with -Z macro-backtrace for more info)

error[E0080]: evaluation of constant value failed
   --> src/lib.rs:238:1
    |
238 | get_opaque_type_data!(Option<Session>, z_owned_session_t);
    | ^^^^^^^^^^^^^^^^^^^^^^^^^^^^^^^^^^^^^^^^^^^^^^^^^^^^^^^^^ the evaluated program panicked at 'type: z_owned_session_t, align: 8, size: 8', src/lib.rs:238:1
    |
    = note: this error originates in the macro `$crate::panic::panic_2021` which comes from the expansion of the macro `get_opaque_type_data` (in Nightly builds, run with -Z macro-backtrace for more info)

error[E0080]: evaluation of constant value failed
   --> src/lib.rs:240:1
    |
240 | get_opaque_type_data!(Session, z_loaned_session_t);
    | ^^^^^^^^^^^^^^^^^^^^^^^^^^^^^^^^^^^^^^^^^^^^^^^^^^ the evaluated program panicked at 'type: z_loaned_session_t, align: 8, size: 8', src/lib.rs:240:1
    |
    = note: this error originates in the macro `$crate::panic::panic_2021` which comes from the expansion of the macro `get_opaque_type_data` (in Nightly builds, run with -Z macro-backtrace for more info)

error[E0080]: evaluation of constant value failed
   --> src/lib.rs:250:1
    |
250 | get_opaque_type_data!(Option<Config>, z_owned_config_t);
    | ^^^^^^^^^^^^^^^^^^^^^^^^^^^^^^^^^^^^^^^^^^^^^^^^^^^^^^^ the evaluated program panicked at 'type: z_owned_config_t, align: 8, size: 1960', src/lib.rs:250:1
    |
    = note: this error originates in the macro `$crate::panic::panic_2021` which comes from the expansion of the macro `get_opaque_type_data` (in Nightly builds, run with -Z macro-backtrace for more info)

error[E0080]: evaluation of constant value failed
   --> src/lib.rs:252:1
    |
252 | get_opaque_type_data!(Config, z_loaned_config_t);
    | ^^^^^^^^^^^^^^^^^^^^^^^^^^^^^^^^^^^^^^^^^^^^^^^^ the evaluated program panicked at 'type: z_loaned_config_t, align: 8, size: 1960', src/lib.rs:252:1
    |
    = note: this error originates in the macro `$crate::panic::panic_2021` which comes from the expansion of the macro `get_opaque_type_data` (in Nightly builds, run with -Z macro-backtrace for more info)

error[E0080]: evaluation of constant value failed
   --> src/lib.rs:257:1
    |
257 | get_opaque_type_data!(ZenohId, z_id_t);
    | ^^^^^^^^^^^^^^^^^^^^^^^^^^^^^^^^^^^^^^ the evaluated program panicked at 'type: z_id_t, align: 1, size: 16', src/lib.rs:257:1
    |
    = note: this error originates in the macro `$crate::panic::panic_2021` which comes from the expansion of the macro `get_opaque_type_data` (in Nightly builds, run with -Z macro-backtrace for more info)

error[E0080]: evaluation of constant value failed
   --> src/lib.rs:262:1
    |
262 | get_opaque_type_data!(Timestamp, z_timestamp_t);
    | ^^^^^^^^^^^^^^^^^^^^^^^^^^^^^^^^^^^^^^^^^^^^^^^ the evaluated program panicked at 'type: z_timestamp_t, align: 8, size: 24', src/lib.rs:262:1
    |
    = note: this error originates in the macro `$crate::panic::panic_2021` which comes from the expansion of the macro `get_opaque_type_data` (in Nightly builds, run with -Z macro-backtrace for more info)

error[E0080]: evaluation of constant value failed
   --> src/lib.rs:265:1
    |
265 | get_opaque_type_data!(Option<Publisher<'static>>, z_owned_publisher_t);
    | ^^^^^^^^^^^^^^^^^^^^^^^^^^^^^^^^^^^^^^^^^^^^^^^^^^^^^^^^^^^^^^^^^^^^^^ the evaluated program panicked at 'type: z_owned_publisher_t, align: 8, size: 96', src/lib.rs:265:1
    |
    = note: this error originates in the macro `$crate::panic::panic_2021` which comes from the expansion of the macro `get_opaque_type_data` (in Nightly builds, run with -Z macro-backtrace for more info)

error[E0080]: evaluation of constant value failed
   --> src/lib.rs:267:1
    |
267 | get_opaque_type_data!(Publisher<'static>, z_loaned_publisher_t);
    | ^^^^^^^^^^^^^^^^^^^^^^^^^^^^^^^^^^^^^^^^^^^^^^^^^^^^^^^^^^^^^^^ the evaluated program panicked at 'type: z_loaned_publisher_t, align: 8, size: 96', src/lib.rs:267:1
    |
    = note: this error originates in the macro `$crate::panic::panic_2021` which comes from the expansion of the macro `get_opaque_type_data` (in Nightly builds, run with -Z macro-backtrace for more info)

error[E0080]: evaluation of constant value failed
   --> src/lib.rs:281:1
    |
281 | get_opaque_type_data!(Option<Subscriber<()>>, z_owned_subscriber_t);
    | ^^^^^^^^^^^^^^^^^^^^^^^^^^^^^^^^^^^^^^^^^^^^^^^^^^^^^^^^^^^^^^^^^^^ the evaluated program panicked at 'type: z_owned_subscriber_t, align: 8, size: 48', src/lib.rs:281:1
    |
    = note: this error originates in the macro `$crate::panic::panic_2021` which comes from the expansion of the macro `get_opaque_type_data` (in Nightly builds, run with -Z macro-backtrace for more info)

error[E0080]: evaluation of constant value failed
   --> src/lib.rs:283:1
    |
283 | get_opaque_type_data!(Subscriber<()>, z_loaned_subscriber_t);
    | ^^^^^^^^^^^^^^^^^^^^^^^^^^^^^^^^^^^^^^^^^^^^^^^^^^^^^^^^^^^^ the evaluated program panicked at 'type: z_loaned_subscriber_t, align: 8, size: 48', src/lib.rs:283:1
    |
    = note: this error originates in the macro `$crate::panic::panic_2021` which comes from the expansion of the macro `get_opaque_type_data` (in Nightly builds, run with -Z macro-backtrace for more info)

error[E0080]: evaluation of constant value failed
   --> src/lib.rs:290:1
    |
290 | get_opaque_type_data!(Option<LivelinessToken>, z_owned_liveliness_token_t);
    | ^^^^^^^^^^^^^^^^^^^^^^^^^^^^^^^^^^^^^^^^^^^^^^^^^^^^^^^^^^^^^^^^^^^^^^^^^^ the evaluated program panicked at 'type: z_owned_liveliness_token_t, align: 8, size: 16', src/lib.rs:290:1
    |
    = note: this error originates in the macro `$crate::panic::panic_2021` which comes from the expansion of the macro `get_opaque_type_data` (in Nightly builds, run with -Z macro-backtrace for more info)

error[E0080]: evaluation of constant value failed
   --> src/lib.rs:291:1
    |
291 | get_opaque_type_data!(LivelinessToken, z_loaned_liveliness_token_t);
    | ^^^^^^^^^^^^^^^^^^^^^^^^^^^^^^^^^^^^^^^^^^^^^^^^^^^^^^^^^^^^^^^^^^^ the evaluated program panicked at 'type: z_loaned_liveliness_token_t, align: 8, size: 16', src/lib.rs:291:1
    |
    = note: this error originates in the macro `$crate::panic::panic_2021` which comes from the expansion of the macro `get_opaque_type_data` (in Nightly builds, run with -Z macro-backtrace for more info)

error[E0080]: evaluation of constant value failed
   --> src/lib.rs:309:1
    |
309 | / get_opaque_type_data!(
310 | |     Option<(Mutex<()>, Option<MutexGuard<'static, ()>>)>,
311 | |     z_owned_mutex_t
312 | | );
    | |_^ the evaluated program panicked at 'type: z_owned_mutex_t, align: 8, size: 24', src/lib.rs:309:1
    |
    = note: this error originates in the macro `$crate::panic::panic_2021` which comes from the expansion of the macro `get_opaque_type_data` (in Nightly builds, run with -Z macro-backtrace for more info)

error[E0080]: evaluation of constant value failed
   --> src/lib.rs:314:1
    |
314 | / get_opaque_type_data!(
315 | |     (Mutex<()>, Option<MutexGuard<'static, ()>>),
316 | |     z_loaned_mutex_t
317 | | );
    | |_^ the evaluated program panicked at 'type: z_loaned_mutex_t, align: 8, size: 24', src/lib.rs:314:1
    |
    = note: this error originates in the macro `$crate::panic::panic_2021` which comes from the expansion of the macro `get_opaque_type_data` (in Nightly builds, run with -Z macro-backtrace for more info)

error[E0080]: evaluation of constant value failed
   --> src/lib.rs:322:1
    |
322 | get_opaque_type_data!(Option<Condvar>, z_owned_condvar_t);
    | ^^^^^^^^^^^^^^^^^^^^^^^^^^^^^^^^^^^^^^^^^^^^^^^^^^^^^^^^^ the evaluated program panicked at 'type: z_owned_condvar_t, align: 4, size: 8', src/lib.rs:322:1
    |
    = note: this error originates in the macro `$crate::panic::panic_2021` which comes from the expansion of the macro `get_opaque_type_data` (in Nightly builds, run with -Z macro-backtrace for more info)

error[E0080]: evaluation of constant value failed
   --> src/lib.rs:324:1
    |
324 | get_opaque_type_data!(Condvar, z_loaned_condvar_t);
    | ^^^^^^^^^^^^^^^^^^^^^^^^^^^^^^^^^^^^^^^^^^^^^^^^^^ the evaluated program panicked at 'type: z_loaned_condvar_t, align: 4, size: 4', src/lib.rs:324:1
    |
    = note: this error originates in the macro `$crate::panic::panic_2021` which comes from the expansion of the macro `get_opaque_type_data` (in Nightly builds, run with -Z macro-backtrace for more info)

error[E0080]: evaluation of constant value failed
   --> src/lib.rs:327:1
    |
327 | get_opaque_type_data!(Option<JoinHandle<()>>, z_owned_task_t);
    | ^^^^^^^^^^^^^^^^^^^^^^^^^^^^^^^^^^^^^^^^^^^^^^^^^^^^^^^^^^^^^ the evaluated program panicked at 'type: z_owned_task_t, align: 8, size: 32', src/lib.rs:327:1
    |
    = note: this error originates in the macro `$crate::panic::panic_2021` which comes from the expansion of the macro `get_opaque_type_data` (in Nightly builds, run with -Z macro-backtrace for more info)

error[E0080]: evaluation of constant value failed
   --> src/lib.rs:330:1
    |
330 | get_opaque_type_data!(Option<Hello>, z_owned_hello_t);
    | ^^^^^^^^^^^^^^^^^^^^^^^^^^^^^^^^^^^^^^^^^^^^^^^^^^^^^ the evaluated program panicked at 'type: z_owned_hello_t, align: 8, size: 48', src/lib.rs:330:1
    |
    = note: this error originates in the macro `$crate::panic::panic_2021` which comes from the expansion of the macro `get_opaque_type_data` (in Nightly builds, run with -Z macro-backtrace for more info)

error[E0080]: evaluation of constant value failed
   --> src/lib.rs:332:1
    |
332 | get_opaque_type_data!(Hello, z_loaned_hello_t);
    | ^^^^^^^^^^^^^^^^^^^^^^^^^^^^^^^^^^^^^^^^^^^^^^ the evaluated program panicked at 'type: z_loaned_hello_t, align: 8, size: 48', src/lib.rs:332:1
    |
    = note: this error originates in the macro `$crate::panic::panic_2021` which comes from the expansion of the macro `get_opaque_type_data` (in Nightly builds, run with -Z macro-backtrace for more info)

error[E0080]: evaluation of constant value failed
   --> src/lib.rs:505:1
    |
505 | / get_opaque_type_data!(
506 | |     Option<FifoChannelHandler<Sample>>,
507 | |     z_owned_fifo_handler_sample_t
508 | | );
    | |_^ the evaluated program panicked at 'type: z_owned_fifo_handler_sample_t, align: 8, size: 8', src/lib.rs:505:1
    |
    = note: this error originates in the macro `$crate::panic::panic_2021` which comes from the expansion of the macro `get_opaque_type_data` (in Nightly builds, run with -Z macro-backtrace for more info)

error[E0080]: evaluation of constant value failed
   --> src/lib.rs:510:1
    |
510 | get_opaque_type_data!(FifoChannelHandler<Sample>, z_loaned_fifo_handler_sample_t);
    | ^^^^^^^^^^^^^^^^^^^^^^^^^^^^^^^^^^^^^^^^^^^^^^^^^^^^^^^^^^^^^^^^^^^^^^^^^^^^^^^^^ the evaluated program panicked at 'type: z_loaned_fifo_handler_sample_t, align: 8, size: 8', src/lib.rs:510:1
    |
    = note: this error originates in the macro `$crate::panic::panic_2021` which comes from the expansion of the macro `get_opaque_type_data` (in Nightly builds, run with -Z macro-backtrace for more info)

error[E0080]: evaluation of constant value failed
   --> src/lib.rs:513:1
    |
513 | / get_opaque_type_data!(
514 | |     Option<RingChannelHandler<Sample>>,
515 | |     z_owned_ring_handler_sample_t
516 | | );
    | |_^ the evaluated program panicked at 'type: z_owned_ring_handler_sample_t, align: 8, size: 8', src/lib.rs:513:1
    |
    = note: this error originates in the macro `$crate::panic::panic_2021` which comes from the expansion of the macro `get_opaque_type_data` (in Nightly builds, run with -Z macro-backtrace for more info)

error[E0080]: evaluation of constant value failed
   --> src/lib.rs:518:1
    |
518 | get_opaque_type_data!(RingChannelHandler<Sample>, z_loaned_ring_handler_sample_t);
    | ^^^^^^^^^^^^^^^^^^^^^^^^^^^^^^^^^^^^^^^^^^^^^^^^^^^^^^^^^^^^^^^^^^^^^^^^^^^^^^^^^ the evaluated program panicked at 'type: z_loaned_ring_handler_sample_t, align: 8, size: 8', src/lib.rs:518:1
    |
    = note: this error originates in the macro `$crate::panic::panic_2021` which comes from the expansion of the macro `get_opaque_type_data` (in Nightly builds, run with -Z macro-backtrace for more info)

error[E0080]: evaluation of constant value failed
   --> src/lib.rs:521:1
    |
521 | / get_opaque_type_data!(
522 | |     Option<FifoChannelHandler<Query>>,
523 | |     z_owned_fifo_handler_query_t
524 | | );
    | |_^ the evaluated program panicked at 'type: z_owned_fifo_handler_query_t, align: 8, size: 8', src/lib.rs:521:1
    |
    = note: this error originates in the macro `$crate::panic::panic_2021` which comes from the expansion of the macro `get_opaque_type_data` (in Nightly builds, run with -Z macro-backtrace for more info)

error[E0080]: evaluation of constant value failed
   --> src/lib.rs:526:1
    |
526 | get_opaque_type_data!(FifoChannelHandler<Query>, z_loaned_fifo_handler_query_t);
    | ^^^^^^^^^^^^^^^^^^^^^^^^^^^^^^^^^^^^^^^^^^^^^^^^^^^^^^^^^^^^^^^^^^^^^^^^^^^^^^^ the evaluated program panicked at 'type: z_loaned_fifo_handler_query_t, align: 8, size: 8', src/lib.rs:526:1
    |
    = note: this error originates in the macro `$crate::panic::panic_2021` which comes from the expansion of the macro `get_opaque_type_data` (in Nightly builds, run with -Z macro-backtrace for more info)

error[E0080]: evaluation of constant value failed
   --> src/lib.rs:529:1
    |
529 | / get_opaque_type_data!(
530 | |     Option<RingChannelHandler<Query>>,
531 | |     z_owned_ring_handler_query_t
532 | | );
    | |_^ the evaluated program panicked at 'type: z_owned_ring_handler_query_t, align: 8, size: 8', src/lib.rs:529:1
    |
    = note: this error originates in the macro `$crate::panic::panic_2021` which comes from the expansion of the macro `get_opaque_type_data` (in Nightly builds, run with -Z macro-backtrace for more info)

error[E0080]: evaluation of constant value failed
   --> src/lib.rs:534:1
    |
534 | get_opaque_type_data!(RingChannelHandler<Query>, z_loaned_ring_handler_query_t);
    | ^^^^^^^^^^^^^^^^^^^^^^^^^^^^^^^^^^^^^^^^^^^^^^^^^^^^^^^^^^^^^^^^^^^^^^^^^^^^^^^ the evaluated program panicked at 'type: z_loaned_ring_handler_query_t, align: 8, size: 8', src/lib.rs:534:1
    |
    = note: this error originates in the macro `$crate::panic::panic_2021` which comes from the expansion of the macro `get_opaque_type_data` (in Nightly builds, run with -Z macro-backtrace for more info)

error[E0080]: evaluation of constant value failed
   --> src/lib.rs:537:1
    |
537 | / get_opaque_type_data!(
538 | |     Option<FifoChannelHandler<Reply>>,
539 | |     z_owned_fifo_handler_reply_t
540 | | );
    | |_^ the evaluated program panicked at 'type: z_owned_fifo_handler_reply_t, align: 8, size: 8', src/lib.rs:537:1
    |
    = note: this error originates in the macro `$crate::panic::panic_2021` which comes from the expansion of the macro `get_opaque_type_data` (in Nightly builds, run with -Z macro-backtrace for more info)

error[E0080]: evaluation of constant value failed
   --> src/lib.rs:542:1
    |
542 | get_opaque_type_data!(FifoChannelHandler<Reply>, z_loaned_fifo_handler_reply_t);
    | ^^^^^^^^^^^^^^^^^^^^^^^^^^^^^^^^^^^^^^^^^^^^^^^^^^^^^^^^^^^^^^^^^^^^^^^^^^^^^^^ the evaluated program panicked at 'type: z_loaned_fifo_handler_reply_t, align: 8, size: 8', src/lib.rs:542:1
    |
    = note: this error originates in the macro `$crate::panic::panic_2021` which comes from the expansion of the macro `get_opaque_type_data` (in Nightly builds, run with -Z macro-backtrace for more info)

error[E0080]: evaluation of constant value failed
   --> src/lib.rs:545:1
    |
545 | / get_opaque_type_data!(
546 | |     Option<RingChannelHandler<Reply>>,
547 | |     z_owned_ring_handler_reply_t
548 | | );
    | |_^ the evaluated program panicked at 'type: z_owned_ring_handler_reply_t, align: 8, size: 8', src/lib.rs:545:1
    |
    = note: this error originates in the macro `$crate::panic::panic_2021` which comes from the expansion of the macro `get_opaque_type_data` (in Nightly builds, run with -Z macro-backtrace for more info)

error[E0080]: evaluation of constant value failed
   --> src/lib.rs:550:1
    |
550 | get_opaque_type_data!(RingChannelHandler<Reply>, z_loaned_ring_handler_reply_t);
    | ^^^^^^^^^^^^^^^^^^^^^^^^^^^^^^^^^^^^^^^^^^^^^^^^^^^^^^^^^^^^^^^^^^^^^^^^^^^^^^^ the evaluated program panicked at 'type: z_loaned_ring_handler_reply_t, align: 8, size: 8', src/lib.rs:550:1
    |
    = note: this error originates in the macro `$crate::panic::panic_2021` which comes from the expansion of the macro `get_opaque_type_data` (in Nightly builds, run with -Z macro-backtrace for more info)

error[E0080]: evaluation of constant value failed
   --> src/lib.rs:566:1
    |
566 | get_opaque_type_data!(Option<zenoh_ext::ZSerializer>, ze_owned_serializer_t);
    | ^^^^^^^^^^^^^^^^^^^^^^^^^^^^^^^^^^^^^^^^^^^^^^^^^^^^^^^^^^^^^^^^^^^^^^^^^^^^ the evaluated program panicked at 'type: ze_owned_serializer_t, align: 8, size: 56', src/lib.rs:566:1
    |
    = note: this error originates in the macro `$crate::panic::panic_2021` which comes from the expansion of the macro `get_opaque_type_data` (in Nightly builds, run with -Z macro-backtrace for more info)

error[E0080]: evaluation of constant value failed
   --> src/lib.rs:568:1
    |
568 | get_opaque_type_data!(zenoh_ext::ZSerializer, ze_loaned_serializer_t);
    | ^^^^^^^^^^^^^^^^^^^^^^^^^^^^^^^^^^^^^^^^^^^^^^^^^^^^^^^^^^^^^^^^^^^^^ the evaluated program panicked at 'type: ze_loaned_serializer_t, align: 8, size: 56', src/lib.rs:568:1
    |
    = note: this error originates in the macro `$crate::panic::panic_2021` which comes from the expansion of the macro `get_opaque_type_data` (in Nightly builds, run with -Z macro-backtrace for more info)

error[E0080]: evaluation of constant value failed
   --> src/lib.rs:570:1
    |
570 | get_opaque_type_data!(zenoh_ext::ZDeserializer<'static>, ze_deserializer_t);
    | ^^^^^^^^^^^^^^^^^^^^^^^^^^^^^^^^^^^^^^^^^^^^^^^^^^^^^^^^^^^^^^^^^^^^^^^^^^^ the evaluated program panicked at 'type: ze_deserializer_t, align: 8, size: 24', src/lib.rs:570:1
    |
    = note: this error originates in the macro `$crate::panic::panic_2021` which comes from the expansion of the macro `get_opaque_type_data` (in Nightly builds, run with -Z macro-backtrace for more info)

For more information about this error, try `rustc --explain E0080`.
error: could not compile `opaque-types` (lib) due to 63 previous errors
